<?xml version="1.0" encoding="UTF-8"?>
<robot generator="Robot 3.2 (Python 3.8.2 on win32)" generated="20200523 11:34:55.636" rpa="false">
<suite id="s1" name="Inputbox" source="C:\Users\elsys\Documents\pycharm_test1\inputbox.robot">
<test id="s1-t1" name="Open Page">
<kw name="openbrowserpathapplication">
<kw name="Log To Console" library="BuiltIn">
<doc>Logs the given message to the console.</doc>
<arguments>
<arg>"Running Test into Windows 10"</arg>
</arguments>
<status status="PASS" starttime="20200523 11:34:55.808" endtime="20200523 11:34:55.808"></status>
</kw>
<kw name="Open Browser" library="SeleniumLibrary">
<doc>Opens a new browser instance to the optional ``url``.</doc>
<arguments>
<arg>${URL}</arg>
<arg>${browser}</arg>
</arguments>
<msg timestamp="20200523 11:34:55.808" level="INFO">Opening browser 'Firefox' to base url 'https://demo.nopcommerce.com'.</msg>
<msg timestamp="20200523 11:34:55.809" level="INFO">Firefox driver log is always forced to to: C:\Users\elsys\Documents\pycharm_test1\geckodriver-1.log</msg>
<status status="PASS" starttime="20200523 11:34:55.808" endtime="20200523 11:35:09.744"></status>
</kw>
<kw name="Maximize Browser Window" library="SeleniumLibrary">
<doc>Maximizes current browser window.</doc>
<status status="PASS" starttime="20200523 11:35:09.744" endtime="20200523 11:35:09.747"></status>
</kw>
<kw name="Sleep" library="BuiltIn">
<doc>Pauses the test executed for the given time.</doc>
<arguments>
<arg>4</arg>
</arguments>
<msg timestamp="20200523 11:35:13.749" level="INFO">Slept 4 seconds</msg>
<status status="PASS" starttime="20200523 11:35:09.747" endtime="20200523 11:35:13.749"></status>
</kw>
<kw name="Set Selenium Speed" library="SeleniumLibrary">
<doc>Sets the delay that is waited after each Selenium command.</doc>
<arguments>
<arg>0.2</arg>
</arguments>
<status status="PASS" starttime="20200523 11:35:13.749" endtime="20200523 11:35:13.750"></status>
</kw>
<kw name="Get Title" library="SeleniumLibrary">
<doc>Returns the title of the current page.</doc>
<assign>
<var>${page_title}</var>
</assign>
<msg timestamp="20200523 11:35:13.953" level="INFO">${page_title} = nopCommerce demo store</msg>
<status status="PASS" starttime="20200523 11:35:13.750" endtime="20200523 11:35:13.953"></status>
</kw>
<kw name="Log" library="BuiltIn">
<doc>Logs the given message with the given level.</doc>
<arguments>
<arg>${page_title}</arg>
</arguments>
<msg timestamp="20200523 11:35:13.953" level="INFO">nopCommerce demo store</msg>
<status status="PASS" starttime="20200523 11:35:13.953" endtime="20200523 11:35:13.953"></status>
</kw>
<status status="PASS" starttime="20200523 11:34:55.807" endtime="20200523 11:35:13.953"></status>
</kw>
<kw name="Go To" library="SeleniumLibrary">
<doc>Navigates the current browser window to the provided ``url``.</doc>
<arguments>
<arg>${url}</arg>
</arguments>
<msg timestamp="20200523 11:35:13.954" level="INFO">Opening url 'https://demo.nopcommerce.com'</msg>
<status status="PASS" starttime="20200523 11:35:13.954" endtime="20200523 11:35:17.172"></status>
</kw>
<kw name="Sleep" library="BuiltIn">
<doc>Pauses the test executed for the given time.</doc>
<arguments>
<arg>5s</arg>
</arguments>
<msg timestamp="20200523 11:35:22.174" level="INFO">Slept 5 seconds</msg>
<status status="PASS" starttime="20200523 11:35:17.173" endtime="20200523 11:35:22.174"></status>
</kw>
<status status="PASS" starttime="20200523 11:34:55.807" endtime="20200523 11:35:22.175" critical="yes"></status>
</test>
<test id="s1-t2" name="Insert name user">
<kw name="userandpasswordapplication">
<kw name="Click Link" library="SeleniumLibrary">
<doc>Clicks a link identified by ``locator``.</doc>
<arguments>
<arg>xpath://a[@class='ico-login']</arg>
</arguments>
<msg timestamp="20200523 11:35:22.181" level="INFO">Clicking link 'xpath://a[@class='ico-login']'.</msg>
<status status="PASS" starttime="20200523 11:35:22.180" endtime="20200523 11:35:25.633"></status>
</kw>
<kw name="Input Text" library="SeleniumLibrary">
<doc>Types the given ``text`` into the text field identified by ``locator``.</doc>
<arguments>
<arg>id:Email</arg>
<arg>vinicius.mpinho@gmail.com</arg>
</arguments>
<msg timestamp="20200523 11:35:25.633" level="INFO">Typing text 'vinicius.mpinho@gmail.com' into text field 'id:Email'.</msg>
<status status="PASS" starttime="20200523 11:35:25.633" endtime="20200523 11:35:26.278"></status>
</kw>
<kw name="Sleep" library="BuiltIn">
<doc>Pauses the test executed for the given time.</doc>
<arguments>
<arg>1s</arg>
</arguments>
<msg timestamp="20200523 11:35:27.279" level="INFO">Slept 1 second</msg>
<status status="PASS" starttime="20200523 11:35:26.278" endtime="20200523 11:35:27.279"></status>
</kw>
<status status="PASS" starttime="20200523 11:35:22.180" endtime="20200523 11:35:27.279"></status>
</kw>
<status status="PASS" starttime="20200523 11:35:22.178" endtime="20200523 11:35:27.279" critical="yes"></status>
</test>
<test id="s1-t3" name="Insert the password page">
<kw name="insertpassworduser">
<kw name="Input Password" library="SeleniumLibrary">
<doc>Types the given password into the text field identified by ``locator``.</doc>
<arguments>
<arg>id:Password</arg>
<arg>123@mudar</arg>
</arguments>
<msg timestamp="20200523 11:35:27.281" level="INFO">Typing password into text field 'id:Password'.</msg>
<msg timestamp="20200523 11:35:27.691" level="INFO">Temporally setting log level to: NONE</msg>
<msg timestamp="20200523 11:35:27.915" level="INFO">Log level changed from NONE to INFO.</msg>
<status status="PASS" starttime="20200523 11:35:27.281" endtime="20200523 11:35:27.915"></status>
</kw>
<kw name="Click Element" library="SeleniumLibrary">
<doc>Click the element identified by ``locator``.</doc>
<arguments>
<arg>xpath://input[@class='button-1 login-button']</arg>
</arguments>
<msg timestamp="20200523 11:35:27.915" level="INFO">Clicking element 'xpath://input[@class='button-1 login-button']'.</msg>
<status status="PASS" starttime="20200523 11:35:27.915" endtime="20200523 11:35:32.339"></status>
</kw>
<kw name="Sleep" library="BuiltIn">
<doc>Pauses the test executed for the given time.</doc>
<arguments>
<arg>1s</arg>
</arguments>
<msg timestamp="20200523 11:35:33.340" level="INFO">Slept 1 second</msg>
<status status="PASS" starttime="20200523 11:35:32.339" endtime="20200523 11:35:33.340"></status>
</kw>
<status status="PASS" starttime="20200523 11:35:27.280" endtime="20200523 11:35:33.340"></status>
</kw>
<status status="PASS" starttime="20200523 11:35:27.280" endtime="20200523 11:35:33.340" critical="yes"></status>
</test>
<test id="s1-t4" name="click button login page">
<kw name="clickbutttonloginpage">
<kw name="Click Link" library="SeleniumLibrary">
<doc>Clicks a link identified by ``locator``.</doc>
<arguments>
<arg>xpath://a[@class='ico-account']</arg>
</arguments>
<msg timestamp="20200523 11:35:33.342" level="INFO">Clicking link 'xpath://a[@class='ico-account']'.</msg>
<status status="PASS" starttime="20200523 11:35:33.342" endtime="20200523 11:35:35.152"></status>
</kw>
<kw name="Sleep" library="BuiltIn">
<doc>Pauses the test executed for the given time.</doc>
<arguments>
<arg>1s</arg>
</arguments>
<msg timestamp="20200523 11:35:36.153" level="INFO">Slept 1 second</msg>
<status status="PASS" starttime="20200523 11:35:35.152" endtime="20200523 11:35:36.154"></status>
</kw>
<status status="PASS" starttime="20200523 11:35:33.342" endtime="20200523 11:35:36.154"></status>
</kw>
<status status="PASS" starttime="20200523 11:35:33.341" endtime="20200523 11:35:36.156" critical="yes"></status>
</test>
<test id="s1-t5" name="close navigators">
<kw name="closing_navigator">
<kw name="Close Browser" library="SeleniumLibrary">
<doc>Closes the current browser.</doc>
<status status="PASS" starttime="20200523 11:35:36.163" endtime="20200523 11:35:37.240"></status>
</kw>
<status status="PASS" starttime="20200523 11:35:36.162" endtime="20200523 11:35:37.240"></status>
</kw>
<status status="PASS" starttime="20200523 11:35:36.160" endtime="20200523 11:35:37.241" critical="yes"></status>
</test>
<doc>Input Boxes performance</doc>
<status status="PASS" starttime="20200523 11:34:55.637" endtime="20200523 11:35:37.244"></status>
</suite>
<statistics>
<total>
<stat pass="5" fail="0">Critical Tests</stat>
<stat pass="5" fail="0">All Tests</stat>
</total>
<tag>
</tag>
<suite>
<stat pass="5" fail="0" id="s1" name="Inputbox">Inputbox</stat>
</suite>
</statistics>
<errors>
</errors>
</robot>
