<?xml version="1.0" encoding="UTF-8"?>
<robot generator="Robot 3.2 (Python 3.8.2 on win32)" generated="20200502 11:59:09.535" rpa="false">
<suite id="s1" name="Inputbox" source="C:\Users\elsys\Documents\pycharm_test1\inputbox.robot">
<test id="s1-t1" name="LoginTest">
<kw name="openbrowserpathapplication">
<kw name="Log To Console" library="BuiltIn">
<doc>Logs the given message to the console.</doc>
<arguments>
<arg>"Running Test into Windows 10"</arg>
</arguments>
<status status="PASS" starttime="20200502 11:59:09.689" endtime="20200502 11:59:09.690"></status>
</kw>
<kw name="Open Browser" library="SeleniumLibrary">
<doc>Opens a new browser instance to the given ``url``.</doc>
<arguments>
<arg>${URL}</arg>
<arg>${browser}</arg>
</arguments>
<msg timestamp="20200502 11:59:09.690" level="INFO">Opening browser 'headLessChrome' to base url 'https://demo.nopcommerce.com'.</msg>
<status status="PASS" starttime="20200502 11:59:09.690" endtime="20200502 11:59:17.527"></status>
</kw>
<kw name="Maximize Browser Window" library="SeleniumLibrary">
<doc>Maximizes current browser window.</doc>
<status status="PASS" starttime="20200502 11:59:17.527" endtime="20200502 11:59:19.644"></status>
</kw>
<kw name="Sleep" library="BuiltIn">
<doc>Pauses the test executed for the given time.</doc>
<arguments>
<arg>4</arg>
</arguments>
<msg timestamp="20200502 11:59:23.646" level="INFO">Slept 4 seconds</msg>
<status status="PASS" starttime="20200502 11:59:19.645" endtime="20200502 11:59:23.646"></status>
</kw>
<kw name="Set Selenium Speed" library="SeleniumLibrary">
<doc>Sets the delay that is waited after each Selenium command.</doc>
<arguments>
<arg>0.2</arg>
</arguments>
<status status="PASS" starttime="20200502 11:59:23.647" endtime="20200502 11:59:23.647"></status>
</kw>
<kw name="Get Title" library="SeleniumLibrary">
<doc>Returns the title of current page.</doc>
<assign>
<var>${page_title}</var>
</assign>
<msg timestamp="20200502 11:59:23.865" level="INFO">${page_title} = nopCommerce demo store</msg>
<status status="PASS" starttime="20200502 11:59:23.648" endtime="20200502 11:59:23.865"></status>
</kw>
<kw name="Log" library="BuiltIn">
<doc>Logs the given message with the given level.</doc>
<arguments>
<arg>${page_title}</arg>
</arguments>
<msg timestamp="20200502 11:59:23.866" level="INFO">nopCommerce demo store</msg>
<status status="PASS" starttime="20200502 11:59:23.865" endtime="20200502 11:59:23.866"></status>
</kw>
<status status="PASS" starttime="20200502 11:59:09.689" endtime="20200502 11:59:23.866"></status>
</kw>
<kw name="Go To" library="SeleniumLibrary">
<doc>Navigates the active browser instance to the provided ``url``.</doc>
<arguments>
<arg>${url}</arg>
</arguments>
<msg timestamp="20200502 11:59:23.868" level="INFO">Opening url 'https://demo.nopcommerce.com'</msg>
<status status="PASS" starttime="20200502 11:59:23.867" endtime="20200502 11:59:24.667"></status>
</kw>
<kw name="Sleep" library="BuiltIn">
<doc>Pauses the test executed for the given time.</doc>
<arguments>
<arg>5s</arg>
</arguments>
<msg timestamp="20200502 11:59:29.671" level="INFO">Slept 5 seconds</msg>
<status status="PASS" starttime="20200502 11:59:24.668" endtime="20200502 11:59:29.671"></status>
</kw>
<kw name="userandpasswordapplication">
<kw name="Click Link" library="SeleniumLibrary">
<doc>Clicks a link identified by ``locator``.</doc>
<arguments>
<arg>xpath://a[@class='ico-login']</arg>
</arguments>
<msg timestamp="20200502 11:59:29.671" level="INFO">Clicking link 'xpath://a[@class='ico-login']'.</msg>
<status status="PASS" starttime="20200502 11:59:29.671" endtime="20200502 11:59:31.326"></status>
</kw>
<kw name="Input Text" library="SeleniumLibrary">
<doc>Types the given ``text`` into text field identified by ``locator``.</doc>
<arguments>
<arg>id:Email</arg>
<arg>vinicius.mpinho@gmail.com</arg>
</arguments>
<msg timestamp="20200502 11:59:31.326" level="INFO">Typing text 'vinicius.mpinho@gmail.com' into text field 'id:Email'.</msg>
<status status="PASS" starttime="20200502 11:59:31.326" endtime="20200502 11:59:32.030"></status>
</kw>
<kw name="Sleep" library="BuiltIn">
<doc>Pauses the test executed for the given time.</doc>
<arguments>
<arg>1s</arg>
</arguments>
<msg timestamp="20200502 11:59:33.030" level="INFO">Slept 1 second</msg>
<status status="PASS" starttime="20200502 11:59:32.030" endtime="20200502 11:59:33.030"></status>
</kw>
<kw name="Input Password" library="SeleniumLibrary">
<doc>Types the given password into text field identified by ``locator``.</doc>
<arguments>
<arg>id:Password</arg>
<arg>Test@123</arg>
</arguments>
<msg timestamp="20200502 11:59:33.030" level="INFO">Typing password into text field 'id:Password'.</msg>
<status status="PASS" starttime="20200502 11:59:33.030" endtime="20200502 11:59:33.737"></status>
</kw>
<kw name="Click Element" library="SeleniumLibrary">
<doc>Click element identified by ``locator``.</doc>
<arguments>
<arg>xpath://input[@class='button-1 login-button']</arg>
</arguments>
<msg timestamp="20200502 11:59:33.737" level="INFO">Clicking element 'xpath://input[@class='button-1 login-button']'.</msg>
<status status="PASS" starttime="20200502 11:59:33.737" endtime="20200502 11:59:35.105"></status>
</kw>
<kw name="Sleep" library="BuiltIn">
<doc>Pauses the test executed for the given time.</doc>
<arguments>
<arg>1s</arg>
</arguments>
<msg timestamp="20200502 11:59:36.109" level="INFO">Slept 1 second</msg>
<status status="PASS" starttime="20200502 11:59:35.106" endtime="20200502 11:59:36.109"></status>
</kw>
<kw name="Click Link" library="SeleniumLibrary">
<doc>Clicks a link identified by ``locator``.</doc>
<arguments>
<arg>xpath://a[@class='ico-account']</arg>
</arguments>
<msg timestamp="20200502 11:59:36.109" level="INFO">Clicking link 'xpath://a[@class='ico-account']'.</msg>
<status status="PASS" starttime="20200502 11:59:36.109" endtime="20200502 11:59:37.284"></status>
</kw>
<kw name="Sleep" library="BuiltIn">
<doc>Pauses the test executed for the given time.</doc>
<arguments>
<arg>1s</arg>
</arguments>
<msg timestamp="20200502 11:59:38.286" level="INFO">Slept 1 second</msg>
<status status="PASS" starttime="20200502 11:59:37.284" endtime="20200502 11:59:38.286"></status>
</kw>
<kw name="Close Browser" library="SeleniumLibrary">
<doc>Closes the current browser.</doc>
<status status="PASS" starttime="20200502 11:59:38.287" endtime="20200502 11:59:40.509"></status>
</kw>
<status status="PASS" starttime="20200502 11:59:29.671" endtime="20200502 11:59:40.509"></status>
</kw>
<status status="PASS" starttime="20200502 11:59:09.688" endtime="20200502 11:59:40.510" critical="yes"></status>
</test>
<doc>Input Boxes performance</doc>
<status status="PASS" starttime="20200502 11:59:09.537" endtime="20200502 11:59:40.511"></status>
</suite>
<statistics>
<total>
<stat pass="1" fail="0">Critical Tests</stat>
<stat pass="1" fail="0">All Tests</stat>
</total>
<tag>
</tag>
<suite>
<stat pass="1" fail="0" id="s1" name="Inputbox">Inputbox</stat>
</suite>
</statistics>
<errors>
</errors>
</robot>
