<?xml version="1.0" encoding="UTF-8"?>
<robot generator="Robot 3.2 (Python 3.8.2 on win32)" generated="20200502 16:28:22.444" rpa="false">
<suite id="s1" name="Inputbox" source="C:\Users\elsys\Documents\pycharm_test1\inputbox.robot">
<test id="s1-t1" name="Open Page">
<kw name="openbrowserpathapplication">
<kw name="Log To Console" library="BuiltIn">
<doc>Logs the given message to the console.</doc>
<arguments>
<arg>"Running Test into Windows 10"</arg>
</arguments>
<status status="PASS" starttime="20200502 16:28:22.613" endtime="20200502 16:28:22.613"></status>
</kw>
<kw name="Open Browser" library="SeleniumLibrary">
<doc>Opens a new browser instance to the optional ``url``.</doc>
<arguments>
<arg>${URL}</arg>
<arg>${browser}</arg>
</arguments>
<msg timestamp="20200502 16:28:22.614" level="INFO">Opening browser 'headLessFirefox' to base url 'https://demo.nopcommerce.com'.</msg>
<msg timestamp="20200502 16:28:22.614" level="INFO">Firefox driver log is always forced to to: C:\Users\elsys\Documents\pycharm_test1\geckodriver-5.log</msg>
<status status="PASS" starttime="20200502 16:28:22.613" endtime="20200502 16:28:29.985"></status>
</kw>
<kw name="Maximize Browser Window" library="SeleniumLibrary">
<doc>Maximizes current browser window.</doc>
<status status="PASS" starttime="20200502 16:28:29.985" endtime="20200502 16:28:29.989"></status>
</kw>
<kw name="Sleep" library="BuiltIn">
<doc>Pauses the test executed for the given time.</doc>
<arguments>
<arg>4</arg>
</arguments>
<msg timestamp="20200502 16:28:33.989" level="INFO">Slept 4 seconds</msg>
<status status="PASS" starttime="20200502 16:28:29.989" endtime="20200502 16:28:33.989"></status>
</kw>
<kw name="Set Selenium Speed" library="SeleniumLibrary">
<doc>Sets the delay that is waited after each Selenium command.</doc>
<arguments>
<arg>0.2</arg>
</arguments>
<status status="PASS" starttime="20200502 16:28:33.990" endtime="20200502 16:28:33.991"></status>
</kw>
<kw name="Get Title" library="SeleniumLibrary">
<doc>Returns the title of the current page.</doc>
<assign>
<var>${page_title}</var>
</assign>
<msg timestamp="20200502 16:28:34.198" level="INFO">${page_title} = nopCommerce demo store</msg>
<status status="PASS" starttime="20200502 16:28:33.992" endtime="20200502 16:28:34.198"></status>
</kw>
<kw name="Log" library="BuiltIn">
<doc>Logs the given message with the given level.</doc>
<arguments>
<arg>${page_title}</arg>
</arguments>
<msg timestamp="20200502 16:28:34.198" level="INFO">nopCommerce demo store</msg>
<status status="PASS" starttime="20200502 16:28:34.198" endtime="20200502 16:28:34.198"></status>
</kw>
<status status="PASS" starttime="20200502 16:28:22.613" endtime="20200502 16:28:34.198"></status>
</kw>
<kw name="Go To" library="SeleniumLibrary">
<doc>Navigates the current browser window to the provided ``url``.</doc>
<arguments>
<arg>${url}</arg>
</arguments>
<msg timestamp="20200502 16:28:34.198" level="INFO">Opening url 'https://demo.nopcommerce.com'</msg>
<status status="PASS" starttime="20200502 16:28:34.198" endtime="20200502 16:28:37.370"></status>
</kw>
<kw name="Sleep" library="BuiltIn">
<doc>Pauses the test executed for the given time.</doc>
<arguments>
<arg>5s</arg>
</arguments>
<msg timestamp="20200502 16:28:42.373" level="INFO">Slept 5 seconds</msg>
<status status="PASS" starttime="20200502 16:28:37.370" endtime="20200502 16:28:42.373"></status>
</kw>
<status status="PASS" starttime="20200502 16:28:22.613" endtime="20200502 16:28:42.373" critical="yes"></status>
</test>
<test id="s1-t2" name="Insert name user">
<kw name="userandpasswordapplication">
<kw name="Click Link" library="SeleniumLibrary">
<doc>Clicks a link identified by ``locator``.</doc>
<arguments>
<arg>xpath://a[@class='ico-login']</arg>
</arguments>
<msg timestamp="20200502 16:28:42.377" level="INFO">Clicking link 'xpath://a[@class='ico-login']'.</msg>
<status status="PASS" starttime="20200502 16:28:42.377" endtime="20200502 16:28:45.557"></status>
</kw>
<kw name="Input Text" library="SeleniumLibrary">
<doc>Types the given ``text`` into the text field identified by ``locator``.</doc>
<arguments>
<arg>id:Email</arg>
<arg>vinicius.mpinho@gmail.com</arg>
</arguments>
<msg timestamp="20200502 16:28:45.558" level="INFO">Typing text 'vinicius.mpinho@gmail.com' into text field 'id:Email'.</msg>
<status status="PASS" starttime="20200502 16:28:45.557" endtime="20200502 16:28:46.231"></status>
</kw>
<kw name="Sleep" library="BuiltIn">
<doc>Pauses the test executed for the given time.</doc>
<arguments>
<arg>1s</arg>
</arguments>
<msg timestamp="20200502 16:28:47.232" level="INFO">Slept 1 second</msg>
<status status="PASS" starttime="20200502 16:28:46.232" endtime="20200502 16:28:47.233"></status>
</kw>
<status status="PASS" starttime="20200502 16:28:42.376" endtime="20200502 16:28:47.234"></status>
</kw>
<status status="PASS" starttime="20200502 16:28:42.375" endtime="20200502 16:28:47.234" critical="yes"></status>
</test>
<test id="s1-t3" name="Insert the password page">
<kw name="insertpassworduser">
<kw name="Input Password" library="SeleniumLibrary">
<doc>Types the given password into the text field identified by ``locator``.</doc>
<arguments>
<arg>id:Password</arg>
<arg>Test@123</arg>
</arguments>
<msg timestamp="20200502 16:28:47.239" level="INFO">Typing password into text field 'id:Password'.</msg>
<msg timestamp="20200502 16:28:47.662" level="INFO">Temporally setting log level to: NONE</msg>
<msg timestamp="20200502 16:28:47.885" level="INFO">Log level changed from NONE to INFO.</msg>
<status status="PASS" starttime="20200502 16:28:47.238" endtime="20200502 16:28:47.885"></status>
</kw>
<kw name="Click Element" library="SeleniumLibrary">
<doc>Click the element identified by ``locator``.</doc>
<arguments>
<arg>xpath://input[@class='button-1 login-button']</arg>
</arguments>
<msg timestamp="20200502 16:28:47.886" level="INFO">Clicking element 'xpath://input[@class='button-1 login-button']'.</msg>
<status status="PASS" starttime="20200502 16:28:47.885" endtime="20200502 16:28:50.741"></status>
</kw>
<kw name="Sleep" library="BuiltIn">
<doc>Pauses the test executed for the given time.</doc>
<arguments>
<arg>1s</arg>
</arguments>
<msg timestamp="20200502 16:28:51.741" level="INFO">Slept 1 second</msg>
<status status="PASS" starttime="20200502 16:28:50.741" endtime="20200502 16:28:51.741"></status>
</kw>
<status status="PASS" starttime="20200502 16:28:47.237" endtime="20200502 16:28:51.741"></status>
</kw>
<status status="PASS" starttime="20200502 16:28:47.236" endtime="20200502 16:28:51.741" critical="yes"></status>
</test>
<test id="s1-t4" name="click button login page">
<kw name="clickbutttonloginpage">
<kw name="Click Link" library="SeleniumLibrary">
<doc>Clicks a link identified by ``locator``.</doc>
<arguments>
<arg>xpath://a[@class='ico-account']</arg>
</arguments>
<msg timestamp="20200502 16:28:51.742" level="INFO">Clicking link 'xpath://a[@class='ico-account']'.</msg>
<status status="PASS" starttime="20200502 16:28:51.742" endtime="20200502 16:28:53.654"></status>
</kw>
<kw name="Sleep" library="BuiltIn">
<doc>Pauses the test executed for the given time.</doc>
<arguments>
<arg>1s</arg>
</arguments>
<msg timestamp="20200502 16:28:54.655" level="INFO">Slept 1 second</msg>
<status status="PASS" starttime="20200502 16:28:53.654" endtime="20200502 16:28:54.655"></status>
</kw>
<status status="PASS" starttime="20200502 16:28:51.742" endtime="20200502 16:28:54.656"></status>
</kw>
<status status="PASS" starttime="20200502 16:28:51.742" endtime="20200502 16:28:54.656" critical="yes"></status>
</test>
<test id="s1-t5" name="close navigators">
<kw name="closing_navigator">
<kw name="Close Browser" library="SeleniumLibrary">
<doc>Closes the current browser.</doc>
<status status="PASS" starttime="20200502 16:28:54.659" endtime="20200502 16:28:55.592"></status>
</kw>
<status status="PASS" starttime="20200502 16:28:54.658" endtime="20200502 16:28:55.592"></status>
</kw>
<status status="PASS" starttime="20200502 16:28:54.657" endtime="20200502 16:28:55.593" critical="yes"></status>
</test>
<doc>Input Boxes performance</doc>
<status status="PASS" starttime="20200502 16:28:22.446" endtime="20200502 16:28:55.597"></status>
</suite>
<statistics>
<total>
<stat pass="5" fail="0">Critical Tests</stat>
<stat pass="5" fail="0">All Tests</stat>
</total>
<tag>
</tag>
<suite>
<stat pass="5" fail="0" id="s1" name="Inputbox">Inputbox</stat>
</suite>
</statistics>
<errors>
</errors>
</robot>
