<?xml version="1.0" encoding="UTF-8"?>
<robot generator="Robot 3.2 (Python 3.8.2 on win32)" generated="20200510 11:30:00.760" rpa="false">
<suite id="s1" name="Inputbox" source="C:\Users\elsys\Documents\pycharm_test1\inputbox.robot">
<test id="s1-t1" name="Open Page">
<kw name="openbrowserpathapplication">
<kw name="Log To Console" library="BuiltIn">
<doc>Logs the given message to the console.</doc>
<arguments>
<arg>"Running Test into Windows 10"</arg>
</arguments>
<status status="PASS" starttime="20200510 11:30:00.971" endtime="20200510 11:30:00.971"></status>
</kw>
<kw name="Open Browser" library="SeleniumLibrary">
<doc>Opens a new browser instance to the optional ``url``.</doc>
<arguments>
<arg>${URL}</arg>
<arg>${browser}</arg>
</arguments>
<msg timestamp="20200510 11:30:00.971" level="INFO">Opening browser 'headLessFirefox' to base url 'https://demo.nopcommerce.com'.</msg>
<msg timestamp="20200510 11:30:00.973" level="INFO">Firefox driver log is always forced to to: C:\Users\elsys\Documents\pycharm_test1\geckodriver-15.log</msg>
<status status="PASS" starttime="20200510 11:30:00.971" endtime="20200510 11:30:10.177"></status>
</kw>
<kw name="Maximize Browser Window" library="SeleniumLibrary">
<doc>Maximizes current browser window.</doc>
<status status="PASS" starttime="20200510 11:30:10.177" endtime="20200510 11:30:10.180"></status>
</kw>
<kw name="Sleep" library="BuiltIn">
<doc>Pauses the test executed for the given time.</doc>
<arguments>
<arg>4</arg>
</arguments>
<msg timestamp="20200510 11:30:14.183" level="INFO">Slept 4 seconds</msg>
<status status="PASS" starttime="20200510 11:30:10.180" endtime="20200510 11:30:14.183"></status>
</kw>
<kw name="Set Selenium Speed" library="SeleniumLibrary">
<doc>Sets the delay that is waited after each Selenium command.</doc>
<arguments>
<arg>0.2</arg>
</arguments>
<status status="PASS" starttime="20200510 11:30:14.183" endtime="20200510 11:30:14.183"></status>
</kw>
<kw name="Get Title" library="SeleniumLibrary">
<doc>Returns the title of the current page.</doc>
<assign>
<var>${page_title}</var>
</assign>
<msg timestamp="20200510 11:30:14.386" level="INFO">${page_title} = nopCommerce demo store</msg>
<status status="PASS" starttime="20200510 11:30:14.183" endtime="20200510 11:30:14.386"></status>
</kw>
<kw name="Log" library="BuiltIn">
<doc>Logs the given message with the given level.</doc>
<arguments>
<arg>${page_title}</arg>
</arguments>
<msg timestamp="20200510 11:30:14.386" level="INFO">nopCommerce demo store</msg>
<status status="PASS" starttime="20200510 11:30:14.386" endtime="20200510 11:30:14.386"></status>
</kw>
<status status="PASS" starttime="20200510 11:30:00.971" endtime="20200510 11:30:14.386"></status>
</kw>
<kw name="Go To" library="SeleniumLibrary">
<doc>Navigates the current browser window to the provided ``url``.</doc>
<arguments>
<arg>${url}</arg>
</arguments>
<msg timestamp="20200510 11:30:14.387" level="INFO">Opening url 'https://demo.nopcommerce.com'</msg>
<status status="PASS" starttime="20200510 11:30:14.387" endtime="20200510 11:30:15.910"></status>
</kw>
<kw name="Sleep" library="BuiltIn">
<doc>Pauses the test executed for the given time.</doc>
<arguments>
<arg>5s</arg>
</arguments>
<msg timestamp="20200510 11:30:20.911" level="INFO">Slept 5 seconds</msg>
<status status="PASS" starttime="20200510 11:30:15.910" endtime="20200510 11:30:20.911"></status>
</kw>
<status status="PASS" starttime="20200510 11:30:00.970" endtime="20200510 11:30:20.911" critical="yes"></status>
</test>
<test id="s1-t2" name="Insert name user">
<kw name="userandpasswordapplication">
<kw name="Click Link" library="SeleniumLibrary">
<doc>Clicks a link identified by ``locator``.</doc>
<arguments>
<arg>xpath://a[@class='ico-login']</arg>
</arguments>
<msg timestamp="20200510 11:30:20.912" level="INFO">Clicking link 'xpath://a[@class='ico-login']'.</msg>
<status status="PASS" starttime="20200510 11:30:20.912" endtime="20200510 11:30:23.212"></status>
</kw>
<kw name="Input Text" library="SeleniumLibrary">
<doc>Types the given ``text`` into the text field identified by ``locator``.</doc>
<arguments>
<arg>id:Email</arg>
<arg>vinicius.mpinho@gmail.com</arg>
</arguments>
<msg timestamp="20200510 11:30:23.212" level="INFO">Typing text 'vinicius.mpinho@gmail.com' into text field 'id:Email'.</msg>
<status status="PASS" starttime="20200510 11:30:23.212" endtime="20200510 11:30:23.851"></status>
</kw>
<kw name="Sleep" library="BuiltIn">
<doc>Pauses the test executed for the given time.</doc>
<arguments>
<arg>1s</arg>
</arguments>
<msg timestamp="20200510 11:30:24.852" level="INFO">Slept 1 second</msg>
<status status="PASS" starttime="20200510 11:30:23.851" endtime="20200510 11:30:24.852"></status>
</kw>
<status status="PASS" starttime="20200510 11:30:20.912" endtime="20200510 11:30:24.852"></status>
</kw>
<status status="PASS" starttime="20200510 11:30:20.911" endtime="20200510 11:30:24.852" critical="yes"></status>
</test>
<test id="s1-t3" name="Insert the password page">
<kw name="insertpassworduser">
<kw name="Input Password" library="SeleniumLibrary">
<doc>Types the given password into the text field identified by ``locator``.</doc>
<arguments>
<arg>id:Password</arg>
<arg>Test@123</arg>
</arguments>
<msg timestamp="20200510 11:30:24.853" level="INFO">Typing password into text field 'id:Password'.</msg>
<msg timestamp="20200510 11:30:25.262" level="INFO">Temporally setting log level to: NONE</msg>
<msg timestamp="20200510 11:30:25.479" level="INFO">Log level changed from NONE to INFO.</msg>
<status status="PASS" starttime="20200510 11:30:24.853" endtime="20200510 11:30:25.479"></status>
</kw>
<kw name="Click Element" library="SeleniumLibrary">
<doc>Click the element identified by ``locator``.</doc>
<arguments>
<arg>xpath://input[@class='button-1 login-button']</arg>
</arguments>
<msg timestamp="20200510 11:30:25.479" level="INFO">Clicking element 'xpath://input[@class='button-1 login-button']'.</msg>
<status status="PASS" starttime="20200510 11:30:25.479" endtime="20200510 11:30:27.589"></status>
</kw>
<kw name="Sleep" library="BuiltIn">
<doc>Pauses the test executed for the given time.</doc>
<arguments>
<arg>1s</arg>
</arguments>
<msg timestamp="20200510 11:30:28.590" level="INFO">Slept 1 second</msg>
<status status="PASS" starttime="20200510 11:30:27.589" endtime="20200510 11:30:28.591"></status>
</kw>
<status status="PASS" starttime="20200510 11:30:24.853" endtime="20200510 11:30:28.591"></status>
</kw>
<status status="PASS" starttime="20200510 11:30:24.853" endtime="20200510 11:30:28.592" critical="yes"></status>
</test>
<test id="s1-t4" name="click button login page">
<kw name="clickbutttonloginpage">
<kw name="Click Link" library="SeleniumLibrary">
<doc>Clicks a link identified by ``locator``.</doc>
<arguments>
<arg>xpath://a[@class='ico-account']</arg>
</arguments>
<msg timestamp="20200510 11:30:28.597" level="INFO">Clicking link 'xpath://a[@class='ico-account']'.</msg>
<status status="PASS" starttime="20200510 11:30:28.596" endtime="20200510 11:30:30.589"></status>
</kw>
<kw name="Sleep" library="BuiltIn">
<doc>Pauses the test executed for the given time.</doc>
<arguments>
<arg>1s</arg>
</arguments>
<msg timestamp="20200510 11:30:31.591" level="INFO">Slept 1 second</msg>
<status status="PASS" starttime="20200510 11:30:30.589" endtime="20200510 11:30:31.591"></status>
</kw>
<status status="PASS" starttime="20200510 11:30:28.595" endtime="20200510 11:30:31.591"></status>
</kw>
<status status="PASS" starttime="20200510 11:30:28.593" endtime="20200510 11:30:31.591" critical="yes"></status>
</test>
<test id="s1-t5" name="close navigators">
<kw name="closing_navigator">
<kw name="Close Browser" library="SeleniumLibrary">
<doc>Closes the current browser.</doc>
<status status="PASS" starttime="20200510 11:30:31.591" endtime="20200510 11:30:32.533"></status>
</kw>
<status status="PASS" starttime="20200510 11:30:31.591" endtime="20200510 11:30:32.533"></status>
</kw>
<status status="PASS" starttime="20200510 11:30:31.591" endtime="20200510 11:30:32.533" critical="yes"></status>
</test>
<doc>Input Boxes performance</doc>
<status status="PASS" starttime="20200510 11:30:00.761" endtime="20200510 11:30:32.534"></status>
</suite>
<statistics>
<total>
<stat pass="5" fail="0">Critical Tests</stat>
<stat pass="5" fail="0">All Tests</stat>
</total>
<tag>
</tag>
<suite>
<stat pass="5" fail="0" id="s1" name="Inputbox">Inputbox</stat>
</suite>
</statistics>
<errors>
</errors>
</robot>
