<?xml version="1.0" encoding="UTF-8"?>
<robot generator="Robot 3.2 (Python 3.8.2 on win32)" generated="20200502 14:37:01.378" rpa="false">
<suite id="s1" name="Inputbox" source="C:\Users\elsys\Documents\pycharm_test1\inputbox.robot">
<test id="s1-t1" name="Open Page">
<kw name="openbrowserpathapplication">
<kw name="Log To Console" library="BuiltIn">
<doc>Logs the given message to the console.</doc>
<arguments>
<arg>"Running Test into Windows 10"</arg>
</arguments>
<status status="PASS" starttime="20200502 14:37:01.546" endtime="20200502 14:37:01.546"></status>
</kw>
<kw name="Open Browser" library="SeleniumLibrary">
<doc>Opens a new browser instance to the optional ``url``.</doc>
<arguments>
<arg>${URL}</arg>
<arg>${browser}</arg>
</arguments>
<msg timestamp="20200502 14:37:01.546" level="INFO">Opening browser 'headLessFirefox' to base url 'https://demo.nopcommerce.com'.</msg>
<msg timestamp="20200502 14:37:01.547" level="INFO">Firefox driver log is always forced to to: C:\Users\elsys\Documents\pycharm_test1\geckodriver-2.log</msg>
<status status="PASS" starttime="20200502 14:37:01.546" endtime="20200502 14:37:08.891"></status>
</kw>
<kw name="Maximize Browser Window" library="SeleniumLibrary">
<doc>Maximizes current browser window.</doc>
<status status="PASS" starttime="20200502 14:37:08.891" endtime="20200502 14:37:08.893"></status>
</kw>
<kw name="Sleep" library="BuiltIn">
<doc>Pauses the test executed for the given time.</doc>
<arguments>
<arg>4</arg>
</arguments>
<msg timestamp="20200502 14:37:12.895" level="INFO">Slept 4 seconds</msg>
<status status="PASS" starttime="20200502 14:37:08.893" endtime="20200502 14:37:12.895"></status>
</kw>
<kw name="Set Selenium Speed" library="SeleniumLibrary">
<doc>Sets the delay that is waited after each Selenium command.</doc>
<arguments>
<arg>0.2</arg>
</arguments>
<status status="PASS" starttime="20200502 14:37:12.895" endtime="20200502 14:37:12.895"></status>
</kw>
<kw name="Get Title" library="SeleniumLibrary">
<doc>Returns the title of the current page.</doc>
<assign>
<var>${page_title}</var>
</assign>
<msg timestamp="20200502 14:37:13.098" level="INFO">${page_title} = nopCommerce demo store</msg>
<status status="PASS" starttime="20200502 14:37:12.895" endtime="20200502 14:37:13.098"></status>
</kw>
<kw name="Log" library="BuiltIn">
<doc>Logs the given message with the given level.</doc>
<arguments>
<arg>${page_title}</arg>
</arguments>
<msg timestamp="20200502 14:37:13.098" level="INFO">nopCommerce demo store</msg>
<status status="PASS" starttime="20200502 14:37:13.098" endtime="20200502 14:37:13.098"></status>
</kw>
<status status="PASS" starttime="20200502 14:37:01.545" endtime="20200502 14:37:13.099"></status>
</kw>
<kw name="Go To" library="SeleniumLibrary">
<doc>Navigates the current browser window to the provided ``url``.</doc>
<arguments>
<arg>${url}</arg>
</arguments>
<msg timestamp="20200502 14:37:13.099" level="INFO">Opening url 'https://demo.nopcommerce.com'</msg>
<status status="PASS" starttime="20200502 14:37:13.099" endtime="20200502 14:37:13.937"></status>
</kw>
<kw name="Sleep" library="BuiltIn">
<doc>Pauses the test executed for the given time.</doc>
<arguments>
<arg>5s</arg>
</arguments>
<msg timestamp="20200502 14:37:18.939" level="INFO">Slept 5 seconds</msg>
<status status="PASS" starttime="20200502 14:37:13.937" endtime="20200502 14:37:18.939"></status>
</kw>
<status status="PASS" starttime="20200502 14:37:01.545" endtime="20200502 14:37:18.940" critical="yes"></status>
</test>
<test id="s1-t2" name="Insert name user">
<kw name="userandpasswordapplication">
<kw name="Click Link" library="SeleniumLibrary">
<doc>Clicks a link identified by ``locator``.</doc>
<arguments>
<arg>xpath://a[@class='ico-login']</arg>
</arguments>
<msg timestamp="20200502 14:37:18.945" level="INFO">Clicking link 'xpath://a[@class='ico-login']'.</msg>
<status status="PASS" starttime="20200502 14:37:18.944" endtime="20200502 14:37:21.163"></status>
</kw>
<kw name="Input Text" library="SeleniumLibrary">
<doc>Types the given ``text`` into the text field identified by ``locator``.</doc>
<arguments>
<arg>id:Email</arg>
<arg>vinicius.mpinho@gmail.com</arg>
</arguments>
<msg timestamp="20200502 14:37:21.163" level="INFO">Typing text 'vinicius.mpinho@gmail.com' into text field 'id:Email'.</msg>
<status status="PASS" starttime="20200502 14:37:21.163" endtime="20200502 14:37:21.811"></status>
</kw>
<kw name="Sleep" library="BuiltIn">
<doc>Pauses the test executed for the given time.</doc>
<arguments>
<arg>1s</arg>
</arguments>
<msg timestamp="20200502 14:37:22.814" level="INFO">Slept 1 second</msg>
<status status="PASS" starttime="20200502 14:37:21.811" endtime="20200502 14:37:22.815"></status>
</kw>
<status status="PASS" starttime="20200502 14:37:18.943" endtime="20200502 14:37:22.815"></status>
</kw>
<status status="PASS" starttime="20200502 14:37:18.942" endtime="20200502 14:37:22.816" critical="yes"></status>
</test>
<test id="s1-t3" name="Insert the password page">
<kw name="insertpassworduser">
<kw name="Input Password" library="SeleniumLibrary">
<doc>Types the given password into the text field identified by ``locator``.</doc>
<arguments>
<arg>id:Password</arg>
<arg>Test@123</arg>
</arguments>
<msg timestamp="20200502 14:37:22.820" level="INFO">Typing password into text field 'id:Password'.</msg>
<msg timestamp="20200502 14:37:23.238" level="INFO">Temporally setting log level to: NONE</msg>
<msg timestamp="20200502 14:37:23.484" level="INFO">Log level changed from NONE to INFO.</msg>
<status status="PASS" starttime="20200502 14:37:22.819" endtime="20200502 14:37:23.485"></status>
</kw>
<kw name="Click Element" library="SeleniumLibrary">
<doc>Click the element identified by ``locator``.</doc>
<arguments>
<arg>xpath://input[@class='button-1 login-button']</arg>
</arguments>
<msg timestamp="20200502 14:37:23.486" level="INFO">Clicking element 'xpath://input[@class='button-1 login-button']'.</msg>
<status status="PASS" starttime="20200502 14:37:23.485" endtime="20200502 14:37:26.147"></status>
</kw>
<kw name="Sleep" library="BuiltIn">
<doc>Pauses the test executed for the given time.</doc>
<arguments>
<arg>1s</arg>
</arguments>
<msg timestamp="20200502 14:37:27.150" level="INFO">Slept 1 second</msg>
<status status="PASS" starttime="20200502 14:37:26.147" endtime="20200502 14:37:27.150"></status>
</kw>
<status status="PASS" starttime="20200502 14:37:22.819" endtime="20200502 14:37:27.150"></status>
</kw>
<status status="PASS" starttime="20200502 14:37:22.817" endtime="20200502 14:37:27.151" critical="yes"></status>
</test>
<test id="s1-t4" name="click button login page">
<kw name="clickbutttonloginpage">
<kw name="Click Link" library="SeleniumLibrary">
<doc>Clicks a link identified by ``locator``.</doc>
<arguments>
<arg>xpath://a[@class='ico-account']</arg>
</arguments>
<msg timestamp="20200502 14:37:27.156" level="INFO">Clicking link 'xpath://a[@class='ico-account']'.</msg>
<status status="PASS" starttime="20200502 14:37:27.156" endtime="20200502 14:37:29.031"></status>
</kw>
<kw name="Sleep" library="BuiltIn">
<doc>Pauses the test executed for the given time.</doc>
<arguments>
<arg>1s</arg>
</arguments>
<msg timestamp="20200502 14:37:30.033" level="INFO">Slept 1 second</msg>
<status status="PASS" starttime="20200502 14:37:29.031" endtime="20200502 14:37:30.033"></status>
</kw>
<status status="PASS" starttime="20200502 14:37:27.154" endtime="20200502 14:37:30.033"></status>
</kw>
<status status="PASS" starttime="20200502 14:37:27.153" endtime="20200502 14:37:30.034" critical="yes"></status>
</test>
<test id="s1-t5" name="close navigators">
<kw name="closing_navigator">
<kw name="Close Browser" library="SeleniumLibrary">
<doc>Closes the current browser.</doc>
<status status="PASS" starttime="20200502 14:37:30.037" endtime="20200502 14:37:30.831"></status>
</kw>
<status status="PASS" starttime="20200502 14:37:30.036" endtime="20200502 14:37:30.831"></status>
</kw>
<status status="PASS" starttime="20200502 14:37:30.035" endtime="20200502 14:37:30.831" critical="yes"></status>
</test>
<doc>Input Boxes performance</doc>
<status status="PASS" starttime="20200502 14:37:01.380" endtime="20200502 14:37:30.832"></status>
</suite>
<statistics>
<total>
<stat pass="5" fail="0">Critical Tests</stat>
<stat pass="5" fail="0">All Tests</stat>
</total>
<tag>
</tag>
<suite>
<stat pass="5" fail="0" id="s1" name="Inputbox">Inputbox</stat>
</suite>
</statistics>
<errors>
</errors>
</robot>
